<?xml version="1.0" encoding="UTF-8"?>
<testng-results ignored="0" total="1" passed="1" failed="0" skipped="0">
  <reporter-output>
  </reporter-output>
  <suite started-at="2022-10-27T07:29:27 IST" name="Default suite" finished-at="2022-10-27T07:29:30 IST" duration-ms="3014">
    <groups>
    </groups>
    <test started-at="2022-10-27T07:29:27 IST" name="Default test" finished-at="2022-10-27T07:29:30 IST" duration-ms="3014">
      <class name="log4j.Log4jProgram1">
        <test-method is-config="true" signature="beforeTest()[pri:0, instance:log4j.Log4jProgram1@316bcf94]" started-at="2022-10-27T07:29:27 IST" name="beforeTest" finished-at="2022-10-27T07:29:29 IST" duration-ms="1871" status="PASS">
          <reporter-output>
          </reporter-output>
        </test-method> <!-- beforeTest -->
        <test-method signature="f()[pri:0, instance:log4j.Log4jProgram1@316bcf94]" started-at="2022-10-27T07:29:29 IST" name="f" finished-at="2022-10-27T07:29:30 IST" duration-ms="1092" status="PASS">
          <reporter-output>
          </reporter-output>
        </test-method> <!-- f -->
      </class> <!-- log4j.Log4jProgram1 -->
    </test> <!-- Default test -->
  </suite> <!-- Default suite -->
</testng-results>
